<?xml version="1.0" encoding="UTF-8"?>
<!-- Generated by org.testng.reporters.JUnitReportReporter -->
<testsuite skipped="2" hostname="DESKTOP-UEKOIJ6" name="testCases.AllTestCases" tests="6" failures="0" timestamp="2020-03-31T19:49:23 IST" time="196.894" errors="0">
  <testcase name="bootstrapDropdownMethod" time="21.947" classname="testCases.AllTestCases">
    <skipped/>
  </testcase> <!-- bootstrapDropdownMethod -->
  <system-out/>
  <testcase name="bootstrapDropdownMethod" time="20.033" classname="testCases.AllTestCases">
    <skipped/>
  </testcase> <!-- bootstrapDropdownMethod -->
  <system-out/>
  <testcase name="brokenLinkMethod" time="49.482" classname="testCases.AllTestCases"/>
  <system-out/>
  <testcase name="bootstrapDropdownMethod" time="25.237" classname="testCases.AllTestCases"/>
  <system-out/>
  <testcase name="fullPageScreenshot" time="48.697" classname="testCases.AllTestCases"/>
  <system-out/>
  <testcase name="handlingMultipleWindows" time="31.498" classname="testCases.AllTestCases"/>
  <system-out/>
</testsuite> <!-- testCases.AllTestCases -->
