<?xml version="1.0" encoding="UTF-8"?>
<!-- Generated by org.testng.reporters.JUnitReportReporter -->
<testsuite skipped="0" hostname="DESKTOP-UEKOIJ6" name="testCases.AllTestCases" tests="4" failures="0" timestamp="2020-03-31T18:31:24 IST" time="104.567" errors="0">
  <testcase name="bootstrapDropdownMethod" time="10.019" classname="testCases.AllTestCases"/>
  <system-out/>
  <testcase name="handlingMultipleWindows" time="30.847" classname="testCases.AllTestCases"/>
  <system-out/>
  <testcase name="brokenLinkMethod" time="31.118" classname="testCases.AllTestCases"/>
  <system-out/>
  <testcase name="fullPageScreenshot" time="32.583" classname="testCases.AllTestCases"/>
  <system-out/>
</testsuite> <!-- testCases.AllTestCases -->
